<?xml version="1.0" encoding="UTF-8"?>
<testng-results skipped="0" failed="1" ignored="0" total="4" passed="3">
  <reporter-output>
    <line>
      <![CDATA[Sucessfully retrived the current price of BAC!]]>
    </line>
    <line>
      <![CDATA[<a href="RetriveTheCurrentPriceOfBAC.jpg">ScreenShot</a>]]>
    </line>
    <line>
      <![CDATA[Sucessfully retrived data of 52 weeks heigh and low for BAC!]]>
    </line>
    <line>
      <![CDATA[<a href="RetrieveDataOf52WeekHighLowForBAC.jpg">ScreenShot</a>]]>
    </line>
    <line>
      <![CDATA[Sucessfully provided relative stock price for BAC!]]>
    </line>
    <line>
      <![CDATA[<a href="reletiveCurrentStockPriceWith52WeekHighLow.jpg">ScreenShot</a>]]>
    </line>
    <line>
      <![CDATA[Test Failed]]>
    </line>
    <line>
      <![CDATA[<a href="CompareBACPriceWithCiti.jpg">ScreenShot</a>]]>
    </line>
  </reporter-output>
  <suite name="Investor HUB -Functional Test Suite" duration-ms="121238" started-at="2017-07-24T00:22:39Z" finished-at="2017-07-24T00:24:40Z">
    <groups>
    </groups>
    <test name="To retrive the current price of BAC " duration-ms="30240" started-at="2017-07-24T00:22:39Z" finished-at="2017-07-24T00:23:09Z">
      <class name="testcases.RetriveTheCurrentPriceOfBAC">
        <test-method status="PASS" signature="retriveTheCurrentPriceOfBAC()[pri:0, instance:testcases.RetriveTheCurrentPriceOfBAC@3a883ce7]" name="retriveTheCurrentPriceOfBAC" duration-ms="30221" started-at="2017-07-23T17:22:39Z" finished-at="2017-07-23T17:23:09Z">
          <reporter-output>
            <line>
              <![CDATA[Sucessfully retrived the current price of BAC!]]>
            </line>
            <line>
              <![CDATA[<a href="RetriveTheCurrentPriceOfBAC.jpg">ScreenShot</a>]]>
            </line>
          </reporter-output>
        </test-method> <!-- retriveTheCurrentPriceOfBAC -->
      </class> <!-- testcases.RetriveTheCurrentPriceOfBAC -->
    </test> <!-- To retrive the current price of BAC  -->
    <test name="To retrive 52 Weeks high and low price for BAC " duration-ms="31685" started-at="2017-07-24T00:23:09Z" finished-at="2017-07-24T00:23:41Z">
      <class name="testcases.RetrieveDataOf52WeekHighLowForBAC">
        <test-method status="PASS" signature="retrieveDataOf52WeekHighLowForBAC()[pri:0, instance:testcases.RetrieveDataOf52WeekHighLowForBAC@71bbf57e]" name="retrieveDataOf52WeekHighLowForBAC" duration-ms="31682" started-at="2017-07-23T17:23:09Z" finished-at="2017-07-23T17:23:41Z">
          <reporter-output>
            <line>
              <![CDATA[Sucessfully retrived data of 52 weeks heigh and low for BAC!]]>
            </line>
            <line>
              <![CDATA[<a href="RetrieveDataOf52WeekHighLowForBAC.jpg">ScreenShot</a>]]>
            </line>
          </reporter-output>
        </test-method> <!-- retrieveDataOf52WeekHighLowForBAC -->
      </class> <!-- testcases.RetrieveDataOf52WeekHighLowForBAC -->
    </test> <!-- To retrive 52 Weeks high and low price for BAC  -->
    <test name="To retrive reletive current price " duration-ms="28892" started-at="2017-07-24T00:23:41Z" finished-at="2017-07-24T00:24:10Z">
      <class name="testcases.ReletiveCurrentStockPriceWith52WeekHighLow">
        <test-method status="PASS" signature="reletiveCurrentStockPriceWith52WeekHighLow()[pri:0, instance:testcases.ReletiveCurrentStockPriceWith52WeekHighLow@10bbd20a]" name="reletiveCurrentStockPriceWith52WeekHighLow" duration-ms="28890" started-at="2017-07-23T17:23:41Z" finished-at="2017-07-23T17:24:10Z">
          <reporter-output>
            <line>
              <![CDATA[Sucessfully provided relative stock price for BAC!]]>
            </line>
            <line>
              <![CDATA[<a href="reletiveCurrentStockPriceWith52WeekHighLow.jpg">ScreenShot</a>]]>
            </line>
          </reporter-output>
        </test-method> <!-- reletiveCurrentStockPriceWith52WeekHighLow -->
      </class> <!-- testcases.ReletiveCurrentStockPriceWith52WeekHighLow -->
    </test> <!-- To retrive reletive current price  -->
    <test name="To Compare BAC and C  " duration-ms="30386" started-at="2017-07-24T00:24:10Z" finished-at="2017-07-24T00:24:40Z">
      <class name="testcases.CompareBACPriceWithCiti">
        <test-method status="FAIL" signature="compareBACPriceWithCiti()[pri:0, instance:testcases.CompareBACPriceWithCiti@394e1a0f]" name="compareBACPriceWithCiti" duration-ms="30383" started-at="2017-07-23T17:24:10Z" finished-at="2017-07-23T17:24:40Z">
          <exception class="java.lang.RuntimeException">
            <message>
              <![CDATA[Test Case Failed]]>
            </message>
            <full-stacktrace>
              <![CDATA[java.lang.RuntimeException: Test Case Failed
	at testcases.CompareBACPriceWithCiti.compareBACPriceWithCiti(CompareBACPriceWithCiti.java:63)
	at sun.reflect.NativeMethodAccessorImpl.invoke0(Native Method)
	at sun.reflect.NativeMethodAccessorImpl.invoke(NativeMethodAccessorImpl.java:62)
	at sun.reflect.DelegatingMethodAccessorImpl.invoke(DelegatingMethodAccessorImpl.java:43)
	at java.lang.reflect.Method.invoke(Method.java:498)
	at org.testng.internal.MethodInvocationHelper.invokeMethod(MethodInvocationHelper.java:108)
	at org.testng.internal.Invoker.invokeMethod(Invoker.java:661)
	at org.testng.internal.Invoker.invokeTestMethod(Invoker.java:869)
	at org.testng.internal.Invoker.invokeTestMethods(Invoker.java:1193)
	at org.testng.internal.TestMethodWorker.invokeTestMethods(TestMethodWorker.java:126)
	at org.testng.internal.TestMethodWorker.run(TestMethodWorker.java:109)
	at org.testng.TestRunner.privateRun(TestRunner.java:744)
	at org.testng.TestRunner.run(TestRunner.java:602)
	at org.testng.SuiteRunner.runTest(SuiteRunner.java:380)
	at org.testng.SuiteRunner.runSequentially(SuiteRunner.java:375)
	at org.testng.SuiteRunner.privateRun(SuiteRunner.java:340)
	at org.testng.SuiteRunner.run(SuiteRunner.java:289)
	at org.testng.SuiteRunnerWorker.runSuite(SuiteRunnerWorker.java:52)
	at org.testng.SuiteRunnerWorker.run(SuiteRunnerWorker.java:86)
	at org.testng.TestNG.runSuitesSequentially(TestNG.java:1301)
	at org.testng.TestNG.runSuitesLocally(TestNG.java:1226)
	at org.testng.TestNG.runSuites(TestNG.java:1144)
	at org.testng.TestNG.run(TestNG.java:1115)
	at org.testng.remote.AbstractRemoteTestNG.run(AbstractRemoteTestNG.java:132)
	at org.testng.remote.RemoteTestNG.initAndRun(RemoteTestNG.java:230)
	at org.testng.remote.RemoteTestNG.main(RemoteTestNG.java:76)
]]>
            </full-stacktrace>
          </exception> <!-- java.lang.RuntimeException -->
          <reporter-output>
            <line>
              <![CDATA[Test Failed]]>
            </line>
            <line>
              <![CDATA[<a href="CompareBACPriceWithCiti.jpg">ScreenShot</a>]]>
            </line>
          </reporter-output>
        </test-method> <!-- compareBACPriceWithCiti -->
      </class> <!-- testcases.CompareBACPriceWithCiti -->
    </test> <!-- To Compare BAC and C   -->
  </suite> <!-- Investor HUB -Functional Test Suite -->
</testng-results>
